<?xml version="1.0" encoding="UTF-8"?>
<!-- Generated by org.testng.reporters.JUnitReportReporter -->
<testsuite hostname="LAPTOP-2GN2N30U" failures="0" tests="1" name="com.TestNgexample.TestNGEx1" time="0.009" errors="0" timestamp="2021-03-28T13:08:28 EDT" skipped="0">
  <testcase classname="com.TestNgexample.TestNGEx1" name="openBrowser1" time="0.009"/>
  <system-out/>
</testsuite> <!-- com.TestNgexample.TestNGEx1 -->
