<?xml version="1.0" encoding="UTF-8"?>
<!-- Generated by org.testng.reporters.JUnitReportReporter -->
<testsuite hostname="LAPTOP-2GN2N30U" failures="0" tests="1" name="com.TestNgexample.ParameterAnnotation" time="0.006" errors="0" timestamp="2021-04-04T09:05:56 EDT" skipped="0">
  <testcase classname="com.TestNgexample.ParameterAnnotation" name="parameter" time="0.006"/>
  <system-out/>
</testsuite> <!-- com.TestNgexample.ParameterAnnotation -->
