<?xml version="1.0" encoding="UTF-8"?>
<!-- Generated by org.testng.reporters.JUnitReportReporter -->
<testsuite hostname="LAPTOP-2GN2N30U" failures="0" tests="1" name="com.testcases.LoginTestCase" time="5.502" errors="0" timestamp="2021-04-04T12:09:49 EDT" skipped="0">
  <testcase classname="com.testcases.LoginTestCase" name="Login" time="5.502"/>
  <system-out/>
</testsuite> <!-- com.testcases.LoginTestCase -->
