<?xml version="1.0" encoding="UTF-8"?>
<!-- Generated by org.testng.reporters.JUnitReportReporter -->
<testsuite hostname="LAPTOP-2GN2N30U" failures="0" tests="1" name="com.javascriptexecutor.ScrollExamples" time="5.563" errors="0" timestamp="2021-04-03T12:32:46 EDT" skipped="0">
  <testcase classname="com.javascriptexecutor.ScrollExamples" name="ScrollPage" time="5.563"/>
  <system-out/>
</testsuite> <!-- com.javascriptexecutor.ScrollExamples -->
