<?xml version="1.0" encoding="UTF-8"?>
<!-- Generated by org.testng.reporters.JUnitReportReporter -->
<testsuite hostname="LAPTOP-2GN2N30U" failures="0" tests="1" name="com.TestNgexample.ExtentReportExamples" time="6.156" errors="0" timestamp="2021-04-03T13:57:26 EDT" skipped="0">
  <testcase classname="com.TestNgexample.ExtentReportExamples" name="OpenApplication" time="6.156"/>
  <system-out/>
</testsuite> <!-- com.TestNgexample.ExtentReportExamples -->
