<?xml version="1.0" encoding="UTF-8"?>
<!-- Generated by org.testng.reporters.JUnitReportReporter -->
<testsuite hostname="LAPTOP-2GN2N30U" failures="0" tests="1" name="com.javascriptexecutor.HandlingMultiTab" time="5.946" errors="0" timestamp="2021-04-04T09:42:56 EDT" skipped="0">
  <testcase classname="com.javascriptexecutor.HandlingMultiTab" name="HandleTabs" time="5.946"/>
  <system-out/>
</testsuite> <!-- com.javascriptexecutor.HandlingMultiTab -->
