<?xml version="1.0" encoding="UTF-8"?>
<!-- Generated by org.testng.reporters.JUnitReportReporter -->
<testsuite hostname="LAPTOP-2GN2N30U" failures="0" tests="1" name="com.autoit.AutoItExample" time="9.368" errors="0" timestamp="2021-04-03T10:49:19 EDT" skipped="0">
  <testcase classname="com.autoit.AutoItExample" name="fileupload" time="9.368"/>
  <system-out/>
</testsuite> <!-- com.autoit.AutoItExample -->
